<?xml version="1.0" encoding="UTF-8"?>
<!-- Generated by org.testng.reporters.JUnitReportReporter -->
<testsuite hostname="TuhinKaAcer" failures="0" tests="1" name="testCases.TC01_LoginTest" time="202.073" errors="0" timestamp="2020-05-18T18:33:31 EDT" skipped="0">
  <testcase classname="testCases.TC01_LoginTest" name="loginTest01" time="202.073"/>
  <system-out>
Screen Shot Taken  </system-out>
</testsuite> <!-- testCases.TC01_LoginTest -->
