<?xml version="1.0" encoding="UTF-8"?>
<!-- Generated by org.testng.reporters.JUnitReportReporter -->
<testsuite hostname="TuhinKaAcer" failures="0" tests="1" name="testCases.TC02_LoginTest" time="104.122" errors="0" timestamp="2020-05-18T18:33:31 EDT" skipped="0">
  <testcase classname="testCases.TC02_LoginTest" name="loginTest02" time="104.122"/>
  <system-out>
Screen Shot Taken  </system-out>
</testsuite> <!-- testCases.TC02_LoginTest -->
