<?xml version="1.0" encoding="UTF-8"?>
<!-- Generated by org.testng.reporters.JUnitReportReporter -->
<testsuite hostname="TuhinKaAcer" failures="0" tests="1" name="testCases.TC03_LoginTest" time="4.434" errors="0" timestamp="2020-05-18T18:33:31 EDT" skipped="0">
  <testcase classname="testCases.TC03_LoginTest" name="loginTest03" time="4.434"/>
  <system-out>
Screen Shot Taken  </system-out>
</testsuite> <!-- testCases.TC03_LoginTest -->
