<?xml version="1.0" encoding="UTF-8"?>
<!-- Generated by org.testng.reporters.JUnitReportReporter -->
<testsuite hostname="TuhinKaAcer" failures="0" tests="1" name="testCases.TC01_LoginTest" time="90.782" errors="0" timestamp="2020-05-19T00:43:29 EDT" skipped="0">
  <testcase classname="testCases.TC01_LoginTest" name="loginTest01" time="90.782"/>
  <system-out>
Screen Shot Taken  </system-out>
</testsuite> <!-- testCases.TC01_LoginTest -->
