<?xml version="1.0" encoding="UTF-8"?>
<!-- Generated by org.testng.reporters.JUnitReportReporter -->
<testsuite hostname="TuhinKaAcer" failures="0" tests="1" name="testCases.TC03_LoginTest" time="2.602" errors="0" timestamp="2020-05-19T00:43:29 EDT" skipped="0">
  <testcase classname="testCases.TC03_LoginTest" name="loginTest03" time="2.602"/>
  <system-out>
Screen Shot Taken  </system-out>
</testsuite> <!-- testCases.TC03_LoginTest -->
